{
  "RSpec": {
    "coverage": {
      "/Users/jessicakoch/bloc/postIT/app/helpers/application_helper.rb": [
        1,
        1,
        0,
        0,
        null,
        0,
        null,
        null,
        1,
        0,
        0,
        null,
        null
      ],
      "/Users/jessicakoch/bloc/postIT/app/helpers/comments_helper.rb": [
        1,
        1,
        0,
        null,
        null
      ],
      "/Users/jessicakoch/bloc/postIT/app/helpers/contact_helper.rb": [
        1,
        null
      ],
      "/Users/jessicakoch/bloc/postIT/app/helpers/favorites_helper.rb": [
        1,
        null
      ],
      "/Users/jessicakoch/bloc/postIT/app/helpers/posts_helper.rb": [
        1,
        1,
        0,
        null,
        null,
        1,
        0,
        null,
        null
      ],
      "/Users/jessicakoch/bloc/postIT/app/helpers/questions_helper.rb": [
        1,
        null
      ],
      "/Users/jessicakoch/bloc/postIT/app/helpers/sessions_helper.rb": [
        1,
        null,
        1,
        0,
        null,
        null,
        null,
        1,
        0,
        null,
        null,
        1,
        0,
        null,
        null
      ],
      "/Users/jessicakoch/bloc/postIT/app/helpers/sponsored_posts_helper.rb": [
        1,
        null
      ],
      "/Users/jessicakoch/bloc/postIT/app/helpers/topics_helper.rb": [
        1,
        1,
        0,
        null,
        null,
        1,
        0,
        null,
        null
      ],
      "/Users/jessicakoch/bloc/postIT/app/helpers/users_helper.rb": [
        1,
        null
      ],
      "/Users/jessicakoch/bloc/postIT/app/helpers/votes_helper.rb": [
        1,
        null
      ],
      "/Users/jessicakoch/bloc/postIT/app/helpers/welcome_helper.rb": [
        1,
        null
      ],
      "/Users/jessicakoch/bloc/postIT/app/models/user.rb": [
        1,
        1,
        1,
        1,
        1,
        27,
        27,
        null,
        1,
        null,
        1,
        1,
        null,
        1,
        null,
        null,
        null,
        null,
        1,
        1,
        null,
        1,
        2,
        null,
        1,
        1,
        1,
        null,
        null
      ],
      "/Users/jessicakoch/bloc/postIT/app/models/application_record.rb": [
        1,
        1,
        null
      ],
      "/Users/jessicakoch/bloc/postIT/app/models/comment.rb": [
        1,
        1,
        1,
        null,
        1,
        1,
        1,
        null,
        1,
        null,
        1,
        0,
        0,
        null,
        null,
        null
      ],
      "/Users/jessicakoch/bloc/postIT/app/models/vote.rb": [
        1,
        1,
        1,
        1,
        null,
        1,
        null,
        1,
        1,
        2,
        null,
        null
      ],
      "/Users/jessicakoch/bloc/postIT/app/models/post.rb": [
        1,
        1,
        1,
        1,
        1,
        1,
        null,
        1,
        1,
        7,
        1,
        null,
        1,
        1,
        1,
        1,
        1,
        1,
        null,
        1,
        0,
        null,
        null,
        1,
        0,
        null,
        null,
        1,
        2,
        null,
        null,
        1,
        null,
        null,
        null,
        2,
        2,
        2,
        null,
        null,
        1,
        null,
        1,
        2,
        null,
        1,
        2,
        2,
        null,
        null
      ],
      "/Users/jessicakoch/bloc/postIT/app/models/favorite.rb": [
        1,
        1,
        1,
        null
      ],
      "/Users/jessicakoch/bloc/postIT/app/models/topic.rb": [
        1,
        1,
        1,
        null,
        1,
        1,
        null
      ],
      "/Users/jessicakoch/bloc/postIT/app/mailers/favorite_mailer.rb": [
        1,
        1,
        1,
        0,
        0,
        0,
        null,
        0,
        0,
        0,
        null,
        null,
        0,
        null,
        1,
        2,
        2,
        2,
        null,
        2,
        2,
        null,
        null,
        null
      ],
      "/Users/jessicakoch/bloc/postIT/app/mailers/application_mailer.rb": [
        1,
        1,
        1,
        null
      ],
      "/Users/jessicakoch/bloc/postIT/app/channels/application_cable/channel.rb": [
        0,
        0,
        0,
        0
      ],
      "/Users/jessicakoch/bloc/postIT/app/channels/application_cable/connection.rb": [
        0,
        0,
        0,
        0
      ],
      "/Users/jessicakoch/bloc/postIT/app/controllers/application_controller.rb": [
        0,
        0,
        0,
        0,
        0,
        0,
        0,
        0,
        0,
        0,
        0,
        0,
        0
      ],
      "/Users/jessicakoch/bloc/postIT/app/controllers/comments_controller.rb": [
        0,
        0,
        0,
        0,
        0,
        0,
        0,
        0,
        0,
        0,
        0,
        0,
        0,
        0,
        0,
        0,
        0,
        0,
        0,
        0,
        0,
        0,
        0,
        0,
        0,
        0,
        0,
        0,
        0,
        0,
        0,
        0,
        0,
        0,
        0,
        0,
        0,
        0,
        0,
        0,
        0,
        0,
        0,
        0
      ],
      "/Users/jessicakoch/bloc/postIT/app/controllers/contacts_controller.rb": [
        0,
        0,
        0,
        0,
        0
      ],
      "/Users/jessicakoch/bloc/postIT/app/controllers/favorites_controller.rb": [
        0,
        0,
        0,
        0,
        0,
        0,
        0,
        0,
        0,
        0,
        0,
        0,
        0,
        0,
        0,
        0,
        0,
        0,
        0,
        0,
        0,
        0,
        0,
        0,
        0,
        0,
        0,
        0,
        0
      ],
      "/Users/jessicakoch/bloc/postIT/app/controllers/posts_controller.rb": [
        0,
        0,
        0,
        0,
        0,
        0,
        0,
        0,
        0,
        0,
        0,
        0,
        0,
        0,
        0,
        0,
        0,
        0,
        0,
        0,
        0,
        0,
        0,
        0,
        0,
        0,
        0,
        0,
        0,
        0,
        0,
        0,
        0,
        0,
        0,
        0,
        0,
        0,
        0,
        0,
        0,
        0,
        0,
        0,
        0,
        0,
        0,
        0,
        0,
        0,
        0,
        0,
        0,
        0,
        0,
        0,
        0,
        0,
        0,
        0,
        0,
        0,
        0,
        0,
        0,
        0,
        0,
        0,
        0,
        0,
        0,
        0,
        0,
        0,
        0,
        0,
        0,
        0,
        0
      ],
      "/Users/jessicakoch/bloc/postIT/app/controllers/questions_controller.rb": [
        0,
        0,
        0,
        0,
        0,
        0,
        0,
        0,
        0,
        0,
        0,
        0,
        0,
        0,
        0,
        0,
        0,
        0,
        0,
        0,
        0,
        0,
        0,
        0,
        0,
        0,
        0,
        0,
        0,
        0,
        0,
        0,
        0,
        0,
        0,
        0,
        0,
        0,
        0,
        0,
        0,
        0,
        0,
        0,
        0,
        0,
        0,
        0,
        0,
        0,
        0,
        0,
        0,
        0,
        0,
        0,
        0,
        0,
        0
      ],
      "/Users/jessicakoch/bloc/postIT/app/controllers/sessions_controller.rb": [
        0,
        0,
        0,
        0,
        0,
        0,
        0,
        0,
        0,
        0,
        0,
        0,
        0,
        0,
        0,
        0,
        0,
        0,
        0,
        0,
        0,
        0,
        0,
        0
      ],
      "/Users/jessicakoch/bloc/postIT/app/controllers/sponsored_posts_controller.rb": [
        0,
        0,
        0,
        0,
        0,
        0,
        0,
        0,
        0,
        0,
        0,
        0,
        0,
        0,
        0,
        0,
        0,
        0,
        0,
        0,
        0,
        0,
        0,
        0,
        0,
        0,
        0,
        0,
        0,
        0,
        0,
        0,
        0,
        0,
        0,
        0,
        0,
        0,
        0,
        0,
        0,
        0,
        0,
        0,
        0,
        0,
        0,
        0,
        0,
        0,
        0,
        0,
        0,
        0,
        0,
        0,
        0,
        0,
        0
      ],
      "/Users/jessicakoch/bloc/postIT/app/controllers/topics_controller.rb": [
        0,
        0,
        0,
        0,
        0,
        0,
        0,
        0,
        0,
        0,
        0,
        0,
        0,
        0,
        0,
        0,
        0,
        0,
        0,
        0,
        0,
        0,
        0,
        0,
        0,
        0,
        0,
        0,
        0,
        0,
        0,
        0,
        0,
        0,
        0,
        0,
        0,
        0,
        0,
        0,
        0,
        0,
        0,
        0,
        0,
        0,
        0,
        0,
        0,
        0,
        0,
        0,
        0,
        0,
        0,
        0,
        0,
        0,
        0,
        0,
        0,
        0,
        0,
        0,
        0,
        0,
        0,
        0,
        0,
        0,
        0,
        0,
        0,
        0,
        0,
        0,
        0
      ],
      "/Users/jessicakoch/bloc/postIT/app/controllers/users_controller.rb": [
        0,
        0,
        0,
        0,
        0,
        0,
        0,
        0,
        0,
        0,
        0,
        0,
        0,
        0,
        0,
        0,
        0,
        0,
        0,
        0,
        0,
        0,
        0,
        0,
        0,
        0,
        0,
        0,
        0,
        0,
        0,
        0,
        0,
        0,
        0,
        0,
        0,
        0,
        0
      ],
      "/Users/jessicakoch/bloc/postIT/app/controllers/votes_controller.rb": [
        0,
        0,
        0,
        0,
        0,
        0,
        0,
        0,
        0,
        0,
        0,
        0,
        0,
        0,
        0,
        0,
        0,
        0,
        0,
        0,
        0,
        0,
        0,
        0,
        0,
        0
      ],
      "/Users/jessicakoch/bloc/postIT/app/controllers/welcome_controller.rb": [
        0,
        0,
        0,
        0,
        0,
        0,
        0,
        0,
        0,
        0,
        0,
        0,
        0
      ],
      "/Users/jessicakoch/bloc/postIT/app/jobs/application_job.rb": [
        0,
        0
      ],
      "/Users/jessicakoch/bloc/postIT/app/mailers/post_mailer.rb": [
        0,
        0,
        0,
        0,
        0,
        0,
        0,
        0,
        0,
        0,
        0,
        0,
        0,
        0,
        0,
        0,
        0,
        0,
        0,
        0
      ],
      "/Users/jessicakoch/bloc/postIT/app/models/answer.rb": [
        0,
        0,
        0,
        0
      ],
      "/Users/jessicakoch/bloc/postIT/app/models/question.rb": [
        0,
        0,
        0
      ],
      "/Users/jessicakoch/bloc/postIT/app/models/sponsored_post.rb": [
        0,
        0,
        0
      ],
      "/Users/jessicakoch/bloc/postIT/lib/random_data.rb": [
        0,
        0,
        0,
        0,
        0,
        0,
        0,
        0,
        0,
        0,
        0,
        0,
        0,
        0,
        0,
        0,
        0,
        0,
        0,
        0,
        0,
        0,
        0,
        0,
        0,
        0,
        0,
        0,
        0,
        0,
        0,
        0,
        0,
        0,
        0,
        0,
        0,
        0,
        0,
        0,
        0,
        0,
        0
      ]
    },
    "timestamp": 1498626252
  }
}
